<?xml version="1.0" encoding="UTF-8"?>
<!-- Generated by org.testng.reporters.JUnitXMLReporter -->
<testsuite hostname="MDLT100" failures="0" tests="5" name="Default test" time="11.356" errors="0" timestamp="11 Jan 2019 11:22:02 GMT">
  <testcase classname="tests.ExperienceAPI" name="TC_001" time="5.565"/>
  <testcase classname="tests.ExperienceAPI" name="TC_002" time="1.471"/>
  <testcase classname="tests.ExperienceAPI" name="TC_003" time="1.162"/>
  <testcase classname="tests.ExperienceAPI" name="TC_004" time="1.181"/>
  <testcase classname="tests.ExperienceAPI" name="TC_005" time="1.271"/>
</testsuite> <!-- Default test -->
