<?xml version="1.0" encoding="UTF-8"?>
<testng-results skipped="0" failed="0" total="1" passed="1">
  <reporter-output>
  </reporter-output>
  <suite name="Default suite" duration-ms="4716" started-at="2019-03-14T13:46:42Z" finished-at="2019-03-14T13:46:47Z">
    <groups>
      <group name="postive">
        <method signature="ExperienceAPI.TC_001()[pri:0, instance:tests.ExperienceAPI@1a968a59]" name="TC_001" class="tests.ExperienceAPI"/>
      </group> <!-- postive -->
      <group name="ExperienceAPI">
        <method signature="ExperienceAPI.TC_001()[pri:0, instance:tests.ExperienceAPI@1a968a59]" name="TC_001" class="tests.ExperienceAPI"/>
      </group> <!-- ExperienceAPI -->
    </groups>
    <test name="Default test" duration-ms="4716" started-at="2019-03-14T13:46:42Z" finished-at="2019-03-14T13:46:47Z">
      <class name="tests.ExperienceAPI">
        <test-method status="PASS" signature="browser()[pri:0, instance:tests.ExperienceAPI@1a968a59]" name="browser" is-config="true" duration-ms="150" started-at="2019-03-14T19:16:42Z" finished-at="2019-03-14T19:16:42Z">
          <reporter-output>
          </reporter-output>
        </test-method> <!-- browser -->
        <test-method status="PASS" signature="TC_001()[pri:0, instance:tests.ExperienceAPI@1a968a59]" name="TC_001" duration-ms="4257" started-at="2019-03-14T19:16:42Z" finished-at="2019-03-14T19:16:46Z">
          <reporter-output>
          </reporter-output>
        </test-method> <!-- TC_001 -->
        <test-method status="PASS" signature="getResult(org.testng.ITestResult)[pri:0, instance:tests.ExperienceAPI@1a968a59]" name="getResult" is-config="true" duration-ms="4" started-at="2019-03-14T19:16:46Z" finished-at="2019-03-14T19:16:46Z">
          <params>
            <param index="0">
              <value>
                <![CDATA[[TestResult name=TC_001 status=SUCCESS method=ExperienceAPI.TC_001()[pri:0, instance:tests.ExperienceAPI@1a968a59] output={null}]]]>
              </value>
            </param>
          </params>
          <reporter-output>
          </reporter-output>
        </test-method> <!-- getResult -->
        <test-method status="PASS" signature="endReport()[pri:0, instance:tests.ExperienceAPI@1a968a59]" name="endReport" is-config="true" duration-ms="284" started-at="2019-03-14T19:16:46Z" finished-at="2019-03-14T19:16:47Z">
          <reporter-output>
          </reporter-output>
        </test-method> <!-- endReport -->
      </class> <!-- tests.ExperienceAPI -->
    </test> <!-- Default test -->
  </suite> <!-- Default suite -->
</testng-results>
